[2024-10-29 15:36:30] local.ERROR: Object of type App\Models\CheckList is not callable {"userId":"34b37539-96b7-44d4-b09d-4938032d69f5","exception":"[object] (Error(code: 0): Object of type App\\Models\\CheckList is not callable at /home/caju10/Documentos/CAJUEIRO/API/vendor/laravel/framework/src/Illuminate/Events/Dispatcher.php:421)
[stacktrace]
#0 /home/caju10/Documentos/CAJUEIRO/API/vendor/laravel/framework/src/Illuminate/Events/Dispatcher.php(249): Illuminate\\Events\\Dispatcher->Illuminate\\Events\\{closure}()
#1 /home/caju10/Documentos/CAJUEIRO/API/vendor/laravel/framework/src/Illuminate/Database/Eloquent/Concerns/HasEvents.php(188): Illuminate\\Events\\Dispatcher->dispatch()
#2 /home/caju10/Documentos/CAJUEIRO/API/vendor/laravel/framework/src/Illuminate/Database/Eloquent/Model.php(632): Illuminate\\Database\\Eloquent\\Model->fireModelEvent()
#3 /home/caju10/Documentos/CAJUEIRO/API/vendor/laravel/framework/src/Illuminate/Database/Eloquent/Builder.php(405): Illuminate\\Database\\Eloquent\\Model->newFromBuilder()
#4 [internal function]: Illuminate\\Database\\Eloquent\\Builder->Illuminate\\Database\\Eloquent\\{closure}()
#5 /home/caju10/Documentos/CAJUEIRO/API/vendor/laravel/framework/src/Illuminate/Database/Eloquent/Builder.php(404): array_map()
#6 /home/caju10/Documentos/CAJUEIRO/API/vendor/laravel/framework/src/Illuminate/Support/Traits/ForwardsCalls.php(23): Illuminate\\Database\\Eloquent\\Builder->hydrate()
#7 /home/caju10/Documentos/CAJUEIRO/API/vendor/laravel/framework/src/Illuminate/Database/Eloquent/Model.php(2330): Illuminate\\Database\\Eloquent\\Model->forwardCallTo()
#8 /home/caju10/Documentos/CAJUEIRO/API/vendor/laravel/framework/src/Illuminate/Database/Eloquent/Builder.php(709): Illuminate\\Database\\Eloquent\\Model->__call()
#9 /home/caju10/Documentos/CAJUEIRO/API/vendor/laravel/framework/src/Illuminate/Database/Eloquent/Builder.php(694): Illuminate\\Database\\Eloquent\\Builder->getModels()
#10 /home/caju10/Documentos/CAJUEIRO/API/vendor/laravel/framework/src/Illuminate/Support/Traits/ForwardsCalls.php(23): Illuminate\\Database\\Eloquent\\Builder->get()
#11 /home/caju10/Documentos/CAJUEIRO/API/vendor/laravel/framework/src/Illuminate/Database/Eloquent/Model.php(2330): Illuminate\\Database\\Eloquent\\Model->forwardCallTo()
#12 /home/caju10/Documentos/CAJUEIRO/API/vendor/laravel/framework/src/Illuminate/Database/Eloquent/Model.php(2342): Illuminate\\Database\\Eloquent\\Model->__call()
#13 /home/caju10/Documentos/CAJUEIRO/API/app/Http/Controllers/CheckLists/CheckListsIndexController.php(17): Illuminate\\Database\\Eloquent\\Model::__callStatic()
#14 /home/caju10/Documentos/CAJUEIRO/API/vendor/laravel/framework/src/Illuminate/Routing/Controller.php(54): App\\Http\\Controllers\\CheckLists\\CheckListsIndexController->__invoke()
#15 /home/caju10/Documentos/CAJUEIRO/API/vendor/laravel/framework/src/Illuminate/Routing/ControllerDispatcher.php(43): Illuminate\\Routing\\Controller->callAction()
#16 /home/caju10/Documentos/CAJUEIRO/API/vendor/laravel/framework/src/Illuminate/Routing/Route.php(259): Illuminate\\Routing\\ControllerDispatcher->dispatch()
#17 /home/caju10/Documentos/CAJUEIRO/API/vendor/laravel/framework/src/Illuminate/Routing/Route.php(205): Illuminate\\Routing\\Route->runController()
#18 /home/caju10/Documentos/CAJUEIRO/API/vendor/laravel/framework/src/Illuminate/Routing/Router.php(798): Illuminate\\Routing\\Route->run()
#19 /home/caju10/Documentos/CAJUEIRO/API/vendor/laravel/framework/src/Illuminate/Pipeline/Pipeline.php(141): Illuminate\\Routing\\Router->Illuminate\\Routing\\{closure}()
#20 /home/caju10/Documentos/CAJUEIRO/API/vendor/spatie/laravel-permission/src/Middlewares/RoleOrPermissionMiddleware.php(26): Illuminate\\Pipeline\\Pipeline->Illuminate\\Pipeline\\{closure}()
#21 /home/caju10/Documentos/CAJUEIRO/API/vendor/laravel/framework/src/Illuminate/Pipeline/Pipeline.php(180): Spatie\\Permission\\Middlewares\\RoleOrPermissionMiddleware->handle()
#22 /home/caju10/Documentos/CAJUEIRO/API/vendor/laravel/framework/src/Illuminate/Routing/Middleware/SubstituteBindings.php(50): Illuminate\\Pipeline\\Pipeline->Illuminate\\Pipeline\\{closure}()
#23 /home/caju10/Documentos/CAJUEIRO/API/vendor/laravel/framework/src/Illuminate/Pipeline/Pipeline.php(180): Illuminate\\Routing\\Middleware\\SubstituteBindings->handle()
#24 /home/caju10/Documentos/CAJUEIRO/API/vendor/laravel/framework/src/Illuminate/Routing/Middleware/ThrottleRequests.php(126): Illuminate\\Pipeline\\Pipeline->Illuminate\\Pipeline\\{closure}()
#25 /home/caju10/Documentos/CAJUEIRO/API/vendor/laravel/framework/src/Illuminate/Routing/Middleware/ThrottleRequests.php(92): Illuminate\\Routing\\Middleware\\ThrottleRequests->handleRequest()
#26 /home/caju10/Documentos/CAJUEIRO/API/vendor/laravel/framework/src/Illuminate/Routing/Middleware/ThrottleRequests.php(54): Illuminate\\Routing\\Middleware\\ThrottleRequests->handleRequestUsingNamedLimiter()
#27 /home/caju10/Documentos/CAJUEIRO/API/vendor/laravel/framework/src/Illuminate/Pipeline/Pipeline.php(180): Illuminate\\Routing\\Middleware\\ThrottleRequests->handle()
#28 /home/caju10/Documentos/CAJUEIRO/API/vendor/laravel/framework/src/Illuminate/Auth/Middleware/Authenticate.php(44): Illuminate\\Pipeline\\Pipeline->Illuminate\\Pipeline\\{closure}()
#29 /home/caju10/Documentos/CAJUEIRO/API/vendor/laravel/framework/src/Illuminate/Pipeline/Pipeline.php(180): Illuminate\\Auth\\Middleware\\Authenticate->handle()
#30 /home/caju10/Documentos/CAJUEIRO/API/vendor/laravel/framework/src/Illuminate/Pipeline/Pipeline.php(116): Illuminate\\Pipeline\\Pipeline->Illuminate\\Pipeline\\{closure}()
#31 /home/caju10/Documentos/CAJUEIRO/API/vendor/laravel/framework/src/Illuminate/Routing/Router.php(797): Illuminate\\Pipeline\\Pipeline->then()
#32 /home/caju10/Documentos/CAJUEIRO/API/vendor/laravel/framework/src/Illuminate/Routing/Router.php(776): Illuminate\\Routing\\Router->runRouteWithinStack()
#33 /home/caju10/Documentos/CAJUEIRO/API/vendor/laravel/framework/src/Illuminate/Routing/Router.php(740): Illuminate\\Routing\\Router->runRoute()
#34 /home/caju10/Documentos/CAJUEIRO/API/vendor/laravel/framework/src/Illuminate/Routing/Router.php(729): Illuminate\\Routing\\Router->dispatchToRoute()
#35 /home/caju10/Documentos/CAJUEIRO/API/vendor/laravel/framework/src/Illuminate/Foundation/Http/Kernel.php(190): Illuminate\\Routing\\Router->dispatch()
#36 /home/caju10/Documentos/CAJUEIRO/API/vendor/laravel/framework/src/Illuminate/Pipeline/Pipeline.php(141): Illuminate\\Foundation\\Http\\Kernel->Illuminate\\Foundation\\Http\\{closure}()
#37 /home/caju10/Documentos/CAJUEIRO/API/vendor/laravel/framework/src/Illuminate/Foundation/Http/Middleware/TransformsRequest.php(21): Illuminate\\Pipeline\\Pipeline->Illuminate\\Pipeline\\{closure}()
#38 /home/caju10/Documentos/CAJUEIRO/API/vendor/laravel/framework/src/Illuminate/Foundation/Http/Middleware/ConvertEmptyStringsToNull.php(31): Illuminate\\Foundation\\Http\\Middleware\\TransformsRequest->handle()
#39 /home/caju10/Documentos/CAJUEIRO/API/vendor/laravel/framework/src/Illuminate/Pipeline/Pipeline.php(180): Illuminate\\Foundation\\Http\\Middleware\\ConvertEmptyStringsToNull->handle()
#40 /home/caju10/Documentos/CAJUEIRO/API/vendor/laravel/framework/src/Illuminate/Foundation/Http/Middleware/TransformsRequest.php(21): Illuminate\\Pipeline\\Pipeline->Illuminate\\Pipeline\\{closure}()
#41 /home/caju10/Documentos/CAJUEIRO/API/vendor/laravel/framework/src/Illuminate/Foundation/Http/Middleware/TrimStrings.php(40): Illuminate\\Foundation\\Http\\Middleware\\TransformsRequest->handle()
#42 /home/caju10/Documentos/CAJUEIRO/API/vendor/laravel/framework/src/Illuminate/Pipeline/Pipeline.php(180): Illuminate\\Foundation\\Http\\Middleware\\TrimStrings->handle()
#43 /home/caju10/Documentos/CAJUEIRO/API/vendor/laravel/framework/src/Illuminate/Foundation/Http/Middleware/ValidatePostSize.php(27): Illuminate\\Pipeline\\Pipeline->Illuminate\\Pipeline\\{closure}()
#44 /home/caju10/Documentos/CAJUEIRO/API/vendor/laravel/framework/src/Illuminate/Pipeline/Pipeline.php(180): Illuminate\\Foundation\\Http\\Middleware\\ValidatePostSize->handle()
#45 /home/caju10/Documentos/CAJUEIRO/API/vendor/laravel/framework/src/Illuminate/Foundation/Http/Middleware/PreventRequestsDuringMaintenance.php(86): Illuminate\\Pipeline\\Pipeline->Illuminate\\Pipeline\\{closure}()
#46 /home/caju10/Documentos/CAJUEIRO/API/vendor/laravel/framework/src/Illuminate/Pipeline/Pipeline.php(180): Illuminate\\Foundation\\Http\\Middleware\\PreventRequestsDuringMaintenance->handle()
#47 /home/caju10/Documentos/CAJUEIRO/API/vendor/laravel/framework/src/Illuminate/Http/Middleware/HandleCors.php(62): Illuminate\\Pipeline\\Pipeline->Illuminate\\Pipeline\\{closure}()
#48 /home/caju10/Documentos/CAJUEIRO/API/vendor/laravel/framework/src/Illuminate/Pipeline/Pipeline.php(180): Illuminate\\Http\\Middleware\\HandleCors->handle()
#49 /home/caju10/Documentos/CAJUEIRO/API/vendor/laravel/framework/src/Illuminate/Http/Middleware/TrustProxies.php(39): Illuminate\\Pipeline\\Pipeline->Illuminate\\Pipeline\\{closure}()
#50 /home/caju10/Documentos/CAJUEIRO/API/vendor/laravel/framework/src/Illuminate/Pipeline/Pipeline.php(180): Illuminate\\Http\\Middleware\\TrustProxies->handle()
#51 /home/caju10/Documentos/CAJUEIRO/API/vendor/laravel/framework/src/Illuminate/Pipeline/Pipeline.php(116): Illuminate\\Pipeline\\Pipeline->Illuminate\\Pipeline\\{closure}()
#52 /home/caju10/Documentos/CAJUEIRO/API/vendor/laravel/framework/src/Illuminate/Foundation/Http/Kernel.php(165): Illuminate\\Pipeline\\Pipeline->then()
#53 /home/caju10/Documentos/CAJUEIRO/API/vendor/laravel/framework/src/Illuminate/Foundation/Http/Kernel.php(134): Illuminate\\Foundation\\Http\\Kernel->sendRequestThroughRouter()
#54 /home/caju10/Documentos/CAJUEIRO/API/public/index.php(51): Illuminate\\Foundation\\Http\\Kernel->handle()
#55 /home/caju10/Documentos/CAJUEIRO/API/vendor/laravel/framework/src/Illuminate/Foundation/resources/server.php(16): require_once('...')
#56 {main}
"} 
[2024-10-29 15:39:18] local.ERROR: Object of type App\Models\CheckList is not callable {"userId":"34b37539-96b7-44d4-b09d-4938032d69f5","exception":"[object] (Error(code: 0): Object of type App\\Models\\CheckList is not callable at /home/caju10/Documentos/CAJUEIRO/API/vendor/laravel/framework/src/Illuminate/Events/Dispatcher.php:421)
[stacktrace]
#0 /home/caju10/Documentos/CAJUEIRO/API/vendor/laravel/framework/src/Illuminate/Events/Dispatcher.php(249): Illuminate\\Events\\Dispatcher->Illuminate\\Events\\{closure}()
#1 /home/caju10/Documentos/CAJUEIRO/API/vendor/laravel/framework/src/Illuminate/Database/Eloquent/Concerns/HasEvents.php(188): Illuminate\\Events\\Dispatcher->dispatch()
#2 /home/caju10/Documentos/CAJUEIRO/API/vendor/laravel/framework/src/Illuminate/Database/Eloquent/Model.php(632): Illuminate\\Database\\Eloquent\\Model->fireModelEvent()
#3 /home/caju10/Documentos/CAJUEIRO/API/vendor/laravel/framework/src/Illuminate/Database/Eloquent/Builder.php(405): Illuminate\\Database\\Eloquent\\Model->newFromBuilder()
#4 [internal function]: Illuminate\\Database\\Eloquent\\Builder->Illuminate\\Database\\Eloquent\\{closure}()
#5 /home/caju10/Documentos/CAJUEIRO/API/vendor/laravel/framework/src/Illuminate/Database/Eloquent/Builder.php(404): array_map()
#6 /home/caju10/Documentos/CAJUEIRO/API/vendor/laravel/framework/src/Illuminate/Support/Traits/ForwardsCalls.php(23): Illuminate\\Database\\Eloquent\\Builder->hydrate()
#7 /home/caju10/Documentos/CAJUEIRO/API/vendor/laravel/framework/src/Illuminate/Database/Eloquent/Model.php(2330): Illuminate\\Database\\Eloquent\\Model->forwardCallTo()
#8 /home/caju10/Documentos/CAJUEIRO/API/vendor/laravel/framework/src/Illuminate/Database/Eloquent/Builder.php(709): Illuminate\\Database\\Eloquent\\Model->__call()
#9 /home/caju10/Documentos/CAJUEIRO/API/vendor/laravel/framework/src/Illuminate/Database/Eloquent/Builder.php(694): Illuminate\\Database\\Eloquent\\Builder->getModels()
#10 /home/caju10/Documentos/CAJUEIRO/API/vendor/laravel/framework/src/Illuminate/Support/Traits/ForwardsCalls.php(23): Illuminate\\Database\\Eloquent\\Builder->get()
#11 /home/caju10/Documentos/CAJUEIRO/API/vendor/laravel/framework/src/Illuminate/Database/Eloquent/Model.php(2330): Illuminate\\Database\\Eloquent\\Model->forwardCallTo()
#12 /home/caju10/Documentos/CAJUEIRO/API/vendor/laravel/framework/src/Illuminate/Database/Eloquent/Model.php(2342): Illuminate\\Database\\Eloquent\\Model->__call()
#13 /home/caju10/Documentos/CAJUEIRO/API/app/Http/Controllers/CheckLists/CheckListsIndexController.php(17): Illuminate\\Database\\Eloquent\\Model::__callStatic()
#14 /home/caju10/Documentos/CAJUEIRO/API/vendor/laravel/framework/src/Illuminate/Routing/Controller.php(54): App\\Http\\Controllers\\CheckLists\\CheckListsIndexController->__invoke()
#15 /home/caju10/Documentos/CAJUEIRO/API/vendor/laravel/framework/src/Illuminate/Routing/ControllerDispatcher.php(43): Illuminate\\Routing\\Controller->callAction()
#16 /home/caju10/Documentos/CAJUEIRO/API/vendor/laravel/framework/src/Illuminate/Routing/Route.php(259): Illuminate\\Routing\\ControllerDispatcher->dispatch()
#17 /home/caju10/Documentos/CAJUEIRO/API/vendor/laravel/framework/src/Illuminate/Routing/Route.php(205): Illuminate\\Routing\\Route->runController()
#18 /home/caju10/Documentos/CAJUEIRO/API/vendor/laravel/framework/src/Illuminate/Routing/Router.php(798): Illuminate\\Routing\\Route->run()
#19 /home/caju10/Documentos/CAJUEIRO/API/vendor/laravel/framework/src/Illuminate/Pipeline/Pipeline.php(141): Illuminate\\Routing\\Router->Illuminate\\Routing\\{closure}()
#20 /home/caju10/Documentos/CAJUEIRO/API/vendor/spatie/laravel-permission/src/Middlewares/RoleOrPermissionMiddleware.php(26): Illuminate\\Pipeline\\Pipeline->Illuminate\\Pipeline\\{closure}()
#21 /home/caju10/Documentos/CAJUEIRO/API/vendor/laravel/framework/src/Illuminate/Pipeline/Pipeline.php(180): Spatie\\Permission\\Middlewares\\RoleOrPermissionMiddleware->handle()
#22 /home/caju10/Documentos/CAJUEIRO/API/vendor/laravel/framework/src/Illuminate/Routing/Middleware/SubstituteBindings.php(50): Illuminate\\Pipeline\\Pipeline->Illuminate\\Pipeline\\{closure}()
#23 /home/caju10/Documentos/CAJUEIRO/API/vendor/laravel/framework/src/Illuminate/Pipeline/Pipeline.php(180): Illuminate\\Routing\\Middleware\\SubstituteBindings->handle()
#24 /home/caju10/Documentos/CAJUEIRO/API/vendor/laravel/framework/src/Illuminate/Routing/Middleware/ThrottleRequests.php(126): Illuminate\\Pipeline\\Pipeline->Illuminate\\Pipeline\\{closure}()
#25 /home/caju10/Documentos/CAJUEIRO/API/vendor/laravel/framework/src/Illuminate/Routing/Middleware/ThrottleRequests.php(92): Illuminate\\Routing\\Middleware\\ThrottleRequests->handleRequest()
#26 /home/caju10/Documentos/CAJUEIRO/API/vendor/laravel/framework/src/Illuminate/Routing/Middleware/ThrottleRequests.php(54): Illuminate\\Routing\\Middleware\\ThrottleRequests->handleRequestUsingNamedLimiter()
#27 /home/caju10/Documentos/CAJUEIRO/API/vendor/laravel/framework/src/Illuminate/Pipeline/Pipeline.php(180): Illuminate\\Routing\\Middleware\\ThrottleRequests->handle()
#28 /home/caju10/Documentos/CAJUEIRO/API/vendor/laravel/framework/src/Illuminate/Auth/Middleware/Authenticate.php(44): Illuminate\\Pipeline\\Pipeline->Illuminate\\Pipeline\\{closure}()
#29 /home/caju10/Documentos/CAJUEIRO/API/vendor/laravel/framework/src/Illuminate/Pipeline/Pipeline.php(180): Illuminate\\Auth\\Middleware\\Authenticate->handle()
#30 /home/caju10/Documentos/CAJUEIRO/API/vendor/laravel/framework/src/Illuminate/Pipeline/Pipeline.php(116): Illuminate\\Pipeline\\Pipeline->Illuminate\\Pipeline\\{closure}()
#31 /home/caju10/Documentos/CAJUEIRO/API/vendor/laravel/framework/src/Illuminate/Routing/Router.php(797): Illuminate\\Pipeline\\Pipeline->then()
#32 /home/caju10/Documentos/CAJUEIRO/API/vendor/laravel/framework/src/Illuminate/Routing/Router.php(776): Illuminate\\Routing\\Router->runRouteWithinStack()
#33 /home/caju10/Documentos/CAJUEIRO/API/vendor/laravel/framework/src/Illuminate/Routing/Router.php(740): Illuminate\\Routing\\Router->runRoute()
#34 /home/caju10/Documentos/CAJUEIRO/API/vendor/laravel/framework/src/Illuminate/Routing/Router.php(729): Illuminate\\Routing\\Router->dispatchToRoute()
#35 /home/caju10/Documentos/CAJUEIRO/API/vendor/laravel/framework/src/Illuminate/Foundation/Http/Kernel.php(190): Illuminate\\Routing\\Router->dispatch()
#36 /home/caju10/Documentos/CAJUEIRO/API/vendor/laravel/framework/src/Illuminate/Pipeline/Pipeline.php(141): Illuminate\\Foundation\\Http\\Kernel->Illuminate\\Foundation\\Http\\{closure}()
#37 /home/caju10/Documentos/CAJUEIRO/API/vendor/laravel/framework/src/Illuminate/Foundation/Http/Middleware/TransformsRequest.php(21): Illuminate\\Pipeline\\Pipeline->Illuminate\\Pipeline\\{closure}()
#38 /home/caju10/Documentos/CAJUEIRO/API/vendor/laravel/framework/src/Illuminate/Foundation/Http/Middleware/ConvertEmptyStringsToNull.php(31): Illuminate\\Foundation\\Http\\Middleware\\TransformsRequest->handle()
#39 /home/caju10/Documentos/CAJUEIRO/API/vendor/laravel/framework/src/Illuminate/Pipeline/Pipeline.php(180): Illuminate\\Foundation\\Http\\Middleware\\ConvertEmptyStringsToNull->handle()
#40 /home/caju10/Documentos/CAJUEIRO/API/vendor/laravel/framework/src/Illuminate/Foundation/Http/Middleware/TransformsRequest.php(21): Illuminate\\Pipeline\\Pipeline->Illuminate\\Pipeline\\{closure}()
#41 /home/caju10/Documentos/CAJUEIRO/API/vendor/laravel/framework/src/Illuminate/Foundation/Http/Middleware/TrimStrings.php(40): Illuminate\\Foundation\\Http\\Middleware\\TransformsRequest->handle()
#42 /home/caju10/Documentos/CAJUEIRO/API/vendor/laravel/framework/src/Illuminate/Pipeline/Pipeline.php(180): Illuminate\\Foundation\\Http\\Middleware\\TrimStrings->handle()
#43 /home/caju10/Documentos/CAJUEIRO/API/vendor/laravel/framework/src/Illuminate/Foundation/Http/Middleware/ValidatePostSize.php(27): Illuminate\\Pipeline\\Pipeline->Illuminate\\Pipeline\\{closure}()
#44 /home/caju10/Documentos/CAJUEIRO/API/vendor/laravel/framework/src/Illuminate/Pipeline/Pipeline.php(180): Illuminate\\Foundation\\Http\\Middleware\\ValidatePostSize->handle()
#45 /home/caju10/Documentos/CAJUEIRO/API/vendor/laravel/framework/src/Illuminate/Foundation/Http/Middleware/PreventRequestsDuringMaintenance.php(86): Illuminate\\Pipeline\\Pipeline->Illuminate\\Pipeline\\{closure}()
#46 /home/caju10/Documentos/CAJUEIRO/API/vendor/laravel/framework/src/Illuminate/Pipeline/Pipeline.php(180): Illuminate\\Foundation\\Http\\Middleware\\PreventRequestsDuringMaintenance->handle()
#47 /home/caju10/Documentos/CAJUEIRO/API/vendor/laravel/framework/src/Illuminate/Http/Middleware/HandleCors.php(62): Illuminate\\Pipeline\\Pipeline->Illuminate\\Pipeline\\{closure}()
#48 /home/caju10/Documentos/CAJUEIRO/API/vendor/laravel/framework/src/Illuminate/Pipeline/Pipeline.php(180): Illuminate\\Http\\Middleware\\HandleCors->handle()
#49 /home/caju10/Documentos/CAJUEIRO/API/vendor/laravel/framework/src/Illuminate/Http/Middleware/TrustProxies.php(39): Illuminate\\Pipeline\\Pipeline->Illuminate\\Pipeline\\{closure}()
#50 /home/caju10/Documentos/CAJUEIRO/API/vendor/laravel/framework/src/Illuminate/Pipeline/Pipeline.php(180): Illuminate\\Http\\Middleware\\TrustProxies->handle()
#51 /home/caju10/Documentos/CAJUEIRO/API/vendor/laravel/framework/src/Illuminate/Pipeline/Pipeline.php(116): Illuminate\\Pipeline\\Pipeline->Illuminate\\Pipeline\\{closure}()
#52 /home/caju10/Documentos/CAJUEIRO/API/vendor/laravel/framework/src/Illuminate/Foundation/Http/Kernel.php(165): Illuminate\\Pipeline\\Pipeline->then()
#53 /home/caju10/Documentos/CAJUEIRO/API/vendor/laravel/framework/src/Illuminate/Foundation/Http/Kernel.php(134): Illuminate\\Foundation\\Http\\Kernel->sendRequestThroughRouter()
#54 /home/caju10/Documentos/CAJUEIRO/API/public/index.php(51): Illuminate\\Foundation\\Http\\Kernel->handle()
#55 /home/caju10/Documentos/CAJUEIRO/API/vendor/laravel/framework/src/Illuminate/Foundation/resources/server.php(16): require_once('...')
#56 {main}
"} 
[2024-10-29 15:40:17] local.ERROR: Object of type App\Models\CheckList is not callable {"userId":"34b37539-96b7-44d4-b09d-4938032d69f5","exception":"[object] (Error(code: 0): Object of type App\\Models\\CheckList is not callable at /home/caju10/Documentos/CAJUEIRO/API/vendor/laravel/framework/src/Illuminate/Events/Dispatcher.php:421)
[stacktrace]
#0 /home/caju10/Documentos/CAJUEIRO/API/vendor/laravel/framework/src/Illuminate/Events/Dispatcher.php(249): Illuminate\\Events\\Dispatcher->Illuminate\\Events\\{closure}()
#1 /home/caju10/Documentos/CAJUEIRO/API/vendor/laravel/framework/src/Illuminate/Database/Eloquent/Concerns/HasEvents.php(188): Illuminate\\Events\\Dispatcher->dispatch()
#2 /home/caju10/Documentos/CAJUEIRO/API/vendor/laravel/framework/src/Illuminate/Database/Eloquent/Model.php(632): Illuminate\\Database\\Eloquent\\Model->fireModelEvent()
#3 /home/caju10/Documentos/CAJUEIRO/API/vendor/laravel/framework/src/Illuminate/Database/Eloquent/Builder.php(405): Illuminate\\Database\\Eloquent\\Model->newFromBuilder()
#4 [internal function]: Illuminate\\Database\\Eloquent\\Builder->Illuminate\\Database\\Eloquent\\{closure}()
#5 /home/caju10/Documentos/CAJUEIRO/API/vendor/laravel/framework/src/Illuminate/Database/Eloquent/Builder.php(404): array_map()
#6 /home/caju10/Documentos/CAJUEIRO/API/vendor/laravel/framework/src/Illuminate/Support/Traits/ForwardsCalls.php(23): Illuminate\\Database\\Eloquent\\Builder->hydrate()
#7 /home/caju10/Documentos/CAJUEIRO/API/vendor/laravel/framework/src/Illuminate/Database/Eloquent/Model.php(2330): Illuminate\\Database\\Eloquent\\Model->forwardCallTo()
#8 /home/caju10/Documentos/CAJUEIRO/API/vendor/laravel/framework/src/Illuminate/Database/Eloquent/Builder.php(709): Illuminate\\Database\\Eloquent\\Model->__call()
#9 /home/caju10/Documentos/CAJUEIRO/API/vendor/laravel/framework/src/Illuminate/Database/Eloquent/Builder.php(694): Illuminate\\Database\\Eloquent\\Builder->getModels()
#10 /home/caju10/Documentos/CAJUEIRO/API/vendor/laravel/framework/src/Illuminate/Support/Traits/ForwardsCalls.php(23): Illuminate\\Database\\Eloquent\\Builder->get()
#11 /home/caju10/Documentos/CAJUEIRO/API/vendor/laravel/framework/src/Illuminate/Database/Eloquent/Model.php(2330): Illuminate\\Database\\Eloquent\\Model->forwardCallTo()
#12 /home/caju10/Documentos/CAJUEIRO/API/vendor/laravel/framework/src/Illuminate/Database/Eloquent/Model.php(2342): Illuminate\\Database\\Eloquent\\Model->__call()
#13 /home/caju10/Documentos/CAJUEIRO/API/app/Http/Controllers/CheckLists/CheckListsIndexController.php(17): Illuminate\\Database\\Eloquent\\Model::__callStatic()
#14 /home/caju10/Documentos/CAJUEIRO/API/vendor/laravel/framework/src/Illuminate/Routing/Controller.php(54): App\\Http\\Controllers\\CheckLists\\CheckListsIndexController->__invoke()
#15 /home/caju10/Documentos/CAJUEIRO/API/vendor/laravel/framework/src/Illuminate/Routing/ControllerDispatcher.php(43): Illuminate\\Routing\\Controller->callAction()
#16 /home/caju10/Documentos/CAJUEIRO/API/vendor/laravel/framework/src/Illuminate/Routing/Route.php(259): Illuminate\\Routing\\ControllerDispatcher->dispatch()
#17 /home/caju10/Documentos/CAJUEIRO/API/vendor/laravel/framework/src/Illuminate/Routing/Route.php(205): Illuminate\\Routing\\Route->runController()
#18 /home/caju10/Documentos/CAJUEIRO/API/vendor/laravel/framework/src/Illuminate/Routing/Router.php(798): Illuminate\\Routing\\Route->run()
#19 /home/caju10/Documentos/CAJUEIRO/API/vendor/laravel/framework/src/Illuminate/Pipeline/Pipeline.php(141): Illuminate\\Routing\\Router->Illuminate\\Routing\\{closure}()
#20 /home/caju10/Documentos/CAJUEIRO/API/vendor/spatie/laravel-permission/src/Middlewares/RoleOrPermissionMiddleware.php(26): Illuminate\\Pipeline\\Pipeline->Illuminate\\Pipeline\\{closure}()
#21 /home/caju10/Documentos/CAJUEIRO/API/vendor/laravel/framework/src/Illuminate/Pipeline/Pipeline.php(180): Spatie\\Permission\\Middlewares\\RoleOrPermissionMiddleware->handle()
#22 /home/caju10/Documentos/CAJUEIRO/API/vendor/laravel/framework/src/Illuminate/Routing/Middleware/SubstituteBindings.php(50): Illuminate\\Pipeline\\Pipeline->Illuminate\\Pipeline\\{closure}()
#23 /home/caju10/Documentos/CAJUEIRO/API/vendor/laravel/framework/src/Illuminate/Pipeline/Pipeline.php(180): Illuminate\\Routing\\Middleware\\SubstituteBindings->handle()
#24 /home/caju10/Documentos/CAJUEIRO/API/vendor/laravel/framework/src/Illuminate/Routing/Middleware/ThrottleRequests.php(126): Illuminate\\Pipeline\\Pipeline->Illuminate\\Pipeline\\{closure}()
#25 /home/caju10/Documentos/CAJUEIRO/API/vendor/laravel/framework/src/Illuminate/Routing/Middleware/ThrottleRequests.php(92): Illuminate\\Routing\\Middleware\\ThrottleRequests->handleRequest()
#26 /home/caju10/Documentos/CAJUEIRO/API/vendor/laravel/framework/src/Illuminate/Routing/Middleware/ThrottleRequests.php(54): Illuminate\\Routing\\Middleware\\ThrottleRequests->handleRequestUsingNamedLimiter()
#27 /home/caju10/Documentos/CAJUEIRO/API/vendor/laravel/framework/src/Illuminate/Pipeline/Pipeline.php(180): Illuminate\\Routing\\Middleware\\ThrottleRequests->handle()
#28 /home/caju10/Documentos/CAJUEIRO/API/vendor/laravel/framework/src/Illuminate/Auth/Middleware/Authenticate.php(44): Illuminate\\Pipeline\\Pipeline->Illuminate\\Pipeline\\{closure}()
#29 /home/caju10/Documentos/CAJUEIRO/API/vendor/laravel/framework/src/Illuminate/Pipeline/Pipeline.php(180): Illuminate\\Auth\\Middleware\\Authenticate->handle()
#30 /home/caju10/Documentos/CAJUEIRO/API/vendor/laravel/framework/src/Illuminate/Pipeline/Pipeline.php(116): Illuminate\\Pipeline\\Pipeline->Illuminate\\Pipeline\\{closure}()
#31 /home/caju10/Documentos/CAJUEIRO/API/vendor/laravel/framework/src/Illuminate/Routing/Router.php(797): Illuminate\\Pipeline\\Pipeline->then()
#32 /home/caju10/Documentos/CAJUEIRO/API/vendor/laravel/framework/src/Illuminate/Routing/Router.php(776): Illuminate\\Routing\\Router->runRouteWithinStack()
#33 /home/caju10/Documentos/CAJUEIRO/API/vendor/laravel/framework/src/Illuminate/Routing/Router.php(740): Illuminate\\Routing\\Router->runRoute()
#34 /home/caju10/Documentos/CAJUEIRO/API/vendor/laravel/framework/src/Illuminate/Routing/Router.php(729): Illuminate\\Routing\\Router->dispatchToRoute()
#35 /home/caju10/Documentos/CAJUEIRO/API/vendor/laravel/framework/src/Illuminate/Foundation/Http/Kernel.php(190): Illuminate\\Routing\\Router->dispatch()
#36 /home/caju10/Documentos/CAJUEIRO/API/vendor/laravel/framework/src/Illuminate/Pipeline/Pipeline.php(141): Illuminate\\Foundation\\Http\\Kernel->Illuminate\\Foundation\\Http\\{closure}()
#37 /home/caju10/Documentos/CAJUEIRO/API/vendor/laravel/framework/src/Illuminate/Foundation/Http/Middleware/TransformsRequest.php(21): Illuminate\\Pipeline\\Pipeline->Illuminate\\Pipeline\\{closure}()
#38 /home/caju10/Documentos/CAJUEIRO/API/vendor/laravel/framework/src/Illuminate/Foundation/Http/Middleware/ConvertEmptyStringsToNull.php(31): Illuminate\\Foundation\\Http\\Middleware\\TransformsRequest->handle()
#39 /home/caju10/Documentos/CAJUEIRO/API/vendor/laravel/framework/src/Illuminate/Pipeline/Pipeline.php(180): Illuminate\\Foundation\\Http\\Middleware\\ConvertEmptyStringsToNull->handle()
#40 /home/caju10/Documentos/CAJUEIRO/API/vendor/laravel/framework/src/Illuminate/Foundation/Http/Middleware/TransformsRequest.php(21): Illuminate\\Pipeline\\Pipeline->Illuminate\\Pipeline\\{closure}()
#41 /home/caju10/Documentos/CAJUEIRO/API/vendor/laravel/framework/src/Illuminate/Foundation/Http/Middleware/TrimStrings.php(40): Illuminate\\Foundation\\Http\\Middleware\\TransformsRequest->handle()
#42 /home/caju10/Documentos/CAJUEIRO/API/vendor/laravel/framework/src/Illuminate/Pipeline/Pipeline.php(180): Illuminate\\Foundation\\Http\\Middleware\\TrimStrings->handle()
#43 /home/caju10/Documentos/CAJUEIRO/API/vendor/laravel/framework/src/Illuminate/Foundation/Http/Middleware/ValidatePostSize.php(27): Illuminate\\Pipeline\\Pipeline->Illuminate\\Pipeline\\{closure}()
#44 /home/caju10/Documentos/CAJUEIRO/API/vendor/laravel/framework/src/Illuminate/Pipeline/Pipeline.php(180): Illuminate\\Foundation\\Http\\Middleware\\ValidatePostSize->handle()
#45 /home/caju10/Documentos/CAJUEIRO/API/vendor/laravel/framework/src/Illuminate/Foundation/Http/Middleware/PreventRequestsDuringMaintenance.php(86): Illuminate\\Pipeline\\Pipeline->Illuminate\\Pipeline\\{closure}()
#46 /home/caju10/Documentos/CAJUEIRO/API/vendor/laravel/framework/src/Illuminate/Pipeline/Pipeline.php(180): Illuminate\\Foundation\\Http\\Middleware\\PreventRequestsDuringMaintenance->handle()
#47 /home/caju10/Documentos/CAJUEIRO/API/vendor/laravel/framework/src/Illuminate/Http/Middleware/HandleCors.php(62): Illuminate\\Pipeline\\Pipeline->Illuminate\\Pipeline\\{closure}()
#48 /home/caju10/Documentos/CAJUEIRO/API/vendor/laravel/framework/src/Illuminate/Pipeline/Pipeline.php(180): Illuminate\\Http\\Middleware\\HandleCors->handle()
#49 /home/caju10/Documentos/CAJUEIRO/API/vendor/laravel/framework/src/Illuminate/Http/Middleware/TrustProxies.php(39): Illuminate\\Pipeline\\Pipeline->Illuminate\\Pipeline\\{closure}()
#50 /home/caju10/Documentos/CAJUEIRO/API/vendor/laravel/framework/src/Illuminate/Pipeline/Pipeline.php(180): Illuminate\\Http\\Middleware\\TrustProxies->handle()
#51 /home/caju10/Documentos/CAJUEIRO/API/vendor/laravel/framework/src/Illuminate/Pipeline/Pipeline.php(116): Illuminate\\Pipeline\\Pipeline->Illuminate\\Pipeline\\{closure}()
#52 /home/caju10/Documentos/CAJUEIRO/API/vendor/laravel/framework/src/Illuminate/Foundation/Http/Kernel.php(165): Illuminate\\Pipeline\\Pipeline->then()
#53 /home/caju10/Documentos/CAJUEIRO/API/vendor/laravel/framework/src/Illuminate/Foundation/Http/Kernel.php(134): Illuminate\\Foundation\\Http\\Kernel->sendRequestThroughRouter()
#54 /home/caju10/Documentos/CAJUEIRO/API/public/index.php(51): Illuminate\\Foundation\\Http\\Kernel->handle()
#55 /home/caju10/Documentos/CAJUEIRO/API/vendor/laravel/framework/src/Illuminate/Foundation/resources/server.php(16): require_once('...')
#56 {main}
"} 
